<?xml version="1.0" encoding="UTF-8" ?>
<testsuites errors="1"
            failures="2"
            tests="1">

  <testsuite name="E2EHappyPath.test"
    errors="1" failures="2" hostname="" id="" package="E2EHappyPath.test" skipped="0"
    tests="1" time="95.58" timestamp="">
  
    <testcase name="Happy Path" classname="E2EHappyPath.test" time="95.58" assertions="28">

    

    

    

    

      <failure message="Timed out while waiting for element &lt;.ls-panel.ls-get-quote-form__panel&gt; to be present for 3000 milliseconds. - expected &#34;visible&#34; but got: &#34;not found&#34; (3400ms)">    at Page.verifyIfPageLoads (C:/rodrigo/lawnstarter-ui/pages/SingleSignUpPage.js:11:14)
    at Object.HappyPath [as Happy Path] (C:/rodrigo/lawnstarter-ui/tests/E2EHappyPath.test.js:16:26)</failure>

    

    

    

      <failure message="Timed out while waiting for element &lt;//div//span[@class=&#39;cell day&#39; and text()=&#39;1&#39;]&gt; to be present for 2000 milliseconds. - expected &#34;visible&#34; but got: &#34;not found&#34; (2081ms)">    at Page.selectValidDay (C:/rodrigo/lawnstarter-ui/pages/SignUpPage.js:73:14)
    at Object.HappyPath [as Happy Path] (C:/rodrigo/lawnstarter-ui/tests/E2EHappyPath.test.js:23:14)</failure>

    

    

    

    

    

    

    

    

    

    

    

    

    

    

    

    

    

    

    
    <error message="An error occurred while running .click() command on &lt;Element [name=@btnDone]&gt;:   (Session info: chrome=86.0.4240.75),  (Driver info: chromedriver=85.0.4183.87 (cd6713ebf92fa1cacc0f1a598df280093af0c5d7-refs/branch-heads/4183@{#1689}),platform=Windows NT 10.0.18362 x86_64); element click intercepted: Element &lt;span data-v-c70de7ce=&#34;&#34; class=&#34;is-size-5 has-text-weight-bold is-uppercase has-text-white&#34;&gt;...&lt;/span&gt; is not clickable at point (771, 523). Other element would receive the click: &lt;div data-v-f00abb84=&#34;&#34; data-v-28e1a228=&#34;&#34; class=&#34;column is-11 nextdoor-modal--info-wrapper&#34;&gt;...&lt;/div&gt;" type="error"><![CDATA[
    TimeoutError: An error occurred while running .click() command on &lt;Element [name=@btnDone]&gt;:   (Session info: chrome=86.0.4240.75),  (Driver info: chromedriver=85.0.4183.87 (cd6713ebf92fa1cacc0f1a598df280093af0c5d7-refs/branch-heads/4183@{#1689}),platform=Windows NT 10.0.18362 x86_64); element click intercepted: Element &lt;span data-v-c70de7ce=&#34;&#34; class=&#34;is-size-5 has-text-weight-bold is-uppercase has-text-white&#34;&gt;...&lt;/span&gt; is not clickable at point (771, 523). Other element would receive the click: &lt;div data-v-f00abb84=&#34;&#34; data-v-28e1a228=&#34;&#34; class=&#34;column is-11 nextdoor-modal--info-wrapper&#34;&gt;...&lt;/div&gt;
    at PeriodicPromise.getError (C:\rodrigo\lawnstarter-ui\node_modules\nightwatch\lib\utils\periodic-promise.js:161:12)
    at PeriodicPromise.perform (C:\rodrigo\lawnstarter-ui\node_modules\nightwatch\lib\utils\periodic-promise.js:111:16)
    at processTicksAndRejections (internal/process/task_queues.js:97:5)
    at PeriodicPromise.runAction (C:\rodrigo\lawnstarter-ui\node_modules\nightwatch\lib\utils\periodic-promise.js:48:22)
    at PeriodicPromise.runAction (C:\rodrigo\lawnstarter-ui\node_modules\nightwatch\lib\utils\periodic-promise.js:51:16)
    ]]></error>
    
    </testcase>
  

  
    <system-err>
        TimeoutError: An error occurred while running .click() command on &lt;Element [name=@btnDone]&gt;:   (Session info: chrome=86.0.4240.75),  (Driver info: chromedriver=85.0.4183.87 (cd6713ebf92fa1cacc0f1a598df280093af0c5d7-refs/branch-heads/4183@{#1689}),platform=Windows NT 10.0.18362 x86_64); element click intercepted: Element &lt;span data-v-c70de7ce=&#34;&#34; class=&#34;is-size-5 has-text-weight-bold is-uppercase has-text-white&#34;&gt;...&lt;/span&gt; is not clickable at point (771, 523). Other element would receive the click: &lt;div data-v-f00abb84=&#34;&#34; data-v-28e1a228=&#34;&#34; class=&#34;column is-11 nextdoor-modal--info-wrapper&#34;&gt;...&lt;/div&gt;
   {&#34;status&#34;:-1,&#34;state&#34;:&#34;&#34;,&#34;code&#34;:&#34;&#34;,&#34;value&#34;:{&#34;message&#34;:&#34;element click intercepted: Element &lt;span data-v-c70de7ce=\&#34;\&#34; class=\&#34;is-size-5 has-text-weight-bold is-uppercase has-text-white\&#34;&gt;...&lt;/span&gt; is not clickable at point (771, 523). Other element would receive the click: &lt;div data-v-f00abb84=\&#34;\&#34; data-v-28e1a228=\&#34;\&#34; class=\&#34;column is-11 nextdoor-modal--info-wrapper\&#34;&gt;...&lt;/div&gt;&#34;,&#34;error&#34;:[&#34;  (Session info: chrome=86.0.4240.75)&#34;,&#34;  (Driver info: chromedriver=85.0.4183.87 (cd6713ebf92fa1cacc0f1a598df280093af0c5d7-refs/branch-heads/4183@{#1689}),platform=Windows NT 10.0.18362 x86_64)&#34;]},&#34;errorStatus&#34;:64,&#34;error&#34;:&#34;An unknown error has occurred â€“ element click intercepted: Element &lt;span data-v-c70de7ce=\&#34;\&#34; class=\&#34;is-size-5 has-text-we...&#34;,&#34;httpStatusCode&#34;:200}
       at processTicksAndRejections (internal/process/task_queues.js:97:5)
    </system-err>
  

    

  
  </testsuite>
</testsuites>
